This is pdfTeX, Version 3.141592653-2.6-1.40.25 (TeX Live 2023) (preloaded format=pdflatex 2023.8.15)  17 AUG 2023 07:57
entering extended mode
 restricted \write18 enabled.
 %&-line parsing enabled.
**Thesis.tex
(./Thesis.tex
LaTeX2e <2023-06-01> patch level 1
L3 programming layer <2023-08-11>
(/home/lukas/.TinyTeX/texmf-dist/tex/latex/base/article.cls
Document Class: article 2023/05/17 v1.4n Standard LaTeX document class
(/home/lukas/.TinyTeX/texmf-dist/tex/latex/base/size11.clo
File: size11.clo 2023/05/17 v1.4n Standard LaTeX file (size option)
)
\c@part=\count185
\c@section=\count186
\c@subsection=\count187
\c@subsubsection=\count188
\c@paragraph=\count189
\c@subparagraph=\count190
\c@figure=\count191
\c@table=\count192
\abovecaptionskip=\skip48
\belowcaptionskip=\skip49
\bibindent=\dimen140
) (/home/lukas/.TinyTeX/texmf-dist/tex/latex/amsmath/amsmath.sty
Package: amsmath 2023/05/13 v2.17o AMS math features
\@mathmargin=\skip50
For additional information on amsmath, use the `?' option.
(/home/lukas/.TinyTeX/texmf-dist/tex/latex/amsmath/amstext.sty
Package: amstext 2021/08/26 v2.01 AMS text
(/home/lukas/.TinyTeX/texmf-dist/tex/latex/amsmath/amsgen.sty
File: amsgen.sty 1999/11/30 v2.0 generic functions
\@emptytoks=\toks17
\ex@=\dimen141
)) (/home/lukas/.TinyTeX/texmf-dist/tex/latex/amsmath/amsbsy.sty
Package: amsbsy 1999/11/29 v1.2d Bold Symbols
\pmbraise@=\dimen142
) (/home/lukas/.TinyTeX/texmf-dist/tex/latex/amsmath/amsopn.sty
Package: amsopn 2022/04/08 v2.04 operator names
)
\inf@bad=\count193
LaTeX Info: Redefining \frac on input line 234.
\uproot@=\count194
\leftroot@=\count195
LaTeX Info: Redefining \overline on input line 399.
LaTeX Info: Redefining \colon on input line 410.
\classnum@=\count196
\DOTSCASE@=\count197
LaTeX Info: Redefining \ldots on input line 496.
LaTeX Info: Redefining \dots on input line 499.
LaTeX Info: Redefining \cdots on input line 620.
\Mathstrutbox@=\box51
\strutbox@=\box52
LaTeX Info: Redefining \big on input line 722.
LaTeX Info: Redefining \Big on input line 723.
LaTeX Info: Redefining \bigg on input line 724.
LaTeX Info: Redefining \Bigg on input line 725.
\big@size=\dimen143
LaTeX Font Info:    Redeclaring font encoding OML on input line 743.
LaTeX Font Info:    Redeclaring font encoding OMS on input line 744.
\macc@depth=\count198
LaTeX Info: Redefining \bmod on input line 905.
LaTeX Info: Redefining \pmod on input line 910.
LaTeX Info: Redefining \smash on input line 940.
LaTeX Info: Redefining \relbar on input line 970.
LaTeX Info: Redefining \Relbar on input line 971.
\c@MaxMatrixCols=\count199
\dotsspace@=\muskip16
\c@parentequation=\count266
\dspbrk@lvl=\count267
\tag@help=\toks18
\row@=\count268
\column@=\count269
\maxfields@=\count270
\andhelp@=\toks19
\eqnshift@=\dimen144
\alignsep@=\dimen145
\tagshift@=\dimen146
\tagwidth@=\dimen147
\totwidth@=\dimen148
\lineht@=\dimen149
\@envbody=\toks20
\multlinegap=\skip51
\multlinetaggap=\skip52
\mathdisplay@stack=\toks21
LaTeX Info: Redefining \[ on input line 2953.
LaTeX Info: Redefining \] on input line 2954.
) (/home/lukas/.TinyTeX/texmf-dist/tex/latex/amsfonts/amssymb.sty
Package: amssymb 2013/01/14 v3.01 AMS font symbols
(/home/lukas/.TinyTeX/texmf-dist/tex/latex/amsfonts/amsfonts.sty
Package: amsfonts 2013/01/14 v3.01 Basic AMSFonts support
\symAMSa=\mathgroup4
\symAMSb=\mathgroup5
LaTeX Font Info:    Redeclaring math symbol \hbar on input line 98.
LaTeX Font Info:    Overwriting math alphabet `\mathfrak' in version `bold'
(Font)                  U/euf/m/n --> U/euf/b/n on input line 106.
)) (/home/lukas/.TinyTeX/texmf-dist/tex/generic/iftex/iftex.sty
Package: iftex 2022/02/03 v1.0f TeX engine tests
) (/home/lukas/.TinyTeX/texmf-dist/tex/latex/base/fontenc.sty
Package: fontenc 2021/04/29 v2.0v Standard LaTeX package
) (/home/lukas/.TinyTeX/texmf-dist/tex/latex/base/inputenc.sty
Package: inputenc 2021/02/14 v1.3d Input encoding file
\inpenc@prehook=\toks22
\inpenc@posthook=\toks23
) (/home/lukas/.TinyTeX/texmf-dist/tex/latex/base/textcomp.sty
Package: textcomp 2020/02/02 v2.0n Standard LaTeX package
) (/home/lukas/.TinyTeX/texmf-dist/tex/latex/lm/lmodern.sty
Package: lmodern 2015/05/01 v1.6.1 Latin Modern Fonts
LaTeX Font Info:    Overwriting symbol font `operators' in version `normal'
(Font)                  OT1/cmr/m/n --> OT1/lmr/m/n on input line 22.
LaTeX Font Info:    Overwriting symbol font `letters' in version `normal'
(Font)                  OML/cmm/m/it --> OML/lmm/m/it on input line 23.
LaTeX Font Info:    Overwriting symbol font `symbols' in version `normal'
(Font)                  OMS/cmsy/m/n --> OMS/lmsy/m/n on input line 24.
LaTeX Font Info:    Overwriting symbol font `largesymbols' in version `normal'
(Font)                  OMX/cmex/m/n --> OMX/lmex/m/n on input line 25.
LaTeX Font Info:    Overwriting symbol font `operators' in version `bold'
(Font)                  OT1/cmr/bx/n --> OT1/lmr/bx/n on input line 26.
LaTeX Font Info:    Overwriting symbol font `letters' in version `bold'
(Font)                  OML/cmm/b/it --> OML/lmm/b/it on input line 27.
LaTeX Font Info:    Overwriting symbol font `symbols' in version `bold'
(Font)                  OMS/cmsy/b/n --> OMS/lmsy/b/n on input line 28.
LaTeX Font Info:    Overwriting symbol font `largesymbols' in version `bold'
(Font)                  OMX/cmex/m/n --> OMX/lmex/m/n on input line 29.
LaTeX Font Info:    Overwriting math alphabet `\mathbf' in version `normal'
(Font)                  OT1/cmr/bx/n --> OT1/lmr/bx/n on input line 31.
LaTeX Font Info:    Overwriting math alphabet `\mathsf' in version `normal'
(Font)                  OT1/cmss/m/n --> OT1/lmss/m/n on input line 32.
LaTeX Font Info:    Overwriting math alphabet `\mathit' in version `normal'
(Font)                  OT1/cmr/m/it --> OT1/lmr/m/it on input line 33.
LaTeX Font Info:    Overwriting math alphabet `\mathtt' in version `normal'
(Font)                  OT1/cmtt/m/n --> OT1/lmtt/m/n on input line 34.
LaTeX Font Info:    Overwriting math alphabet `\mathbf' in version `bold'
(Font)                  OT1/cmr/bx/n --> OT1/lmr/bx/n on input line 35.
LaTeX Font Info:    Overwriting math alphabet `\mathsf' in version `bold'
(Font)                  OT1/cmss/bx/n --> OT1/lmss/bx/n on input line 36.
LaTeX Font Info:    Overwriting math alphabet `\mathit' in version `bold'
(Font)                  OT1/cmr/bx/it --> OT1/lmr/bx/it on input line 37.
LaTeX Font Info:    Overwriting math alphabet `\mathtt' in version `bold'
(Font)                  OT1/cmtt/m/n --> OT1/lmtt/m/n on input line 38.
) (/home/lukas/.TinyTeX/texmf-dist/tex/latex/xcolor/xcolor.sty
Package: xcolor 2022/06/12 v2.14 LaTeX color extensions (UK)
(/home/lukas/.TinyTeX/texmf-dist/tex/latex/graphics-cfg/color.cfg
File: color.cfg 2016/01/02 v1.6 sample color configuration
)
Package xcolor Info: Driver file: pdftex.def on input line 227.
(/home/lukas/.TinyTeX/texmf-dist/tex/latex/graphics-def/pdftex.def
File: pdftex.def 2022/09/22 v1.2b Graphics/color driver for pdftex
) (/home/lukas/.TinyTeX/texmf-dist/tex/latex/graphics/mathcolor.ltx)
Package xcolor Info: Model `cmy' substituted by `cmy0' on input line 1353.
Package xcolor Info: Model `hsb' substituted by `rgb' on input line 1357.
Package xcolor Info: Model `RGB' extended on input line 1369.
Package xcolor Info: Model `HTML' substituted by `rgb' on input line 1371.
Package xcolor Info: Model `Hsb' substituted by `hsb' on input line 1372.
Package xcolor Info: Model `tHsb' substituted by `hsb' on input line 1373.
Package xcolor Info: Model `HSB' substituted by `hsb' on input line 1374.
Package xcolor Info: Model `Gray' substituted by `gray' on input line 1375.
Package xcolor Info: Model `wave' substituted by `hsb' on input line 1376.
) (/home/lukas/.TinyTeX/texmf-dist/tex/latex/geometry/geometry.sty
Package: geometry 2020/01/02 v5.9 Page Geometry
(/home/lukas/.TinyTeX/texmf-dist/tex/latex/graphics/keyval.sty
Package: keyval 2022/05/29 v1.15 key=value parser (DPC)
\KV@toks@=\toks24
) (/home/lukas/.TinyTeX/texmf-dist/tex/generic/iftex/ifvtex.sty
Package: ifvtex 2019/10/25 v1.7 ifvtex legacy package. Use iftex instead.
)
\Gm@cnth=\count271
\Gm@cntv=\count272
\c@Gm@tempcnt=\count273
\Gm@bindingoffset=\dimen150
\Gm@wd@mp=\dimen151
\Gm@odd@mp=\dimen152
\Gm@even@mp=\dimen153
\Gm@layoutwidth=\dimen154
\Gm@layoutheight=\dimen155
\Gm@layouthoffset=\dimen156
\Gm@layoutvoffset=\dimen157
\Gm@dimlist=\toks25
) (/home/lukas/.TinyTeX/texmf-dist/tex/latex/tools/longtable.sty
Package: longtable 2021-09-01 v4.17 Multi-page Table package (DPC)
\LTleft=\skip53
\LTright=\skip54
\LTpre=\skip55
\LTpost=\skip56
\LTchunksize=\count274
\LTcapwidth=\dimen158
\LT@head=\box53
\LT@firsthead=\box54
\LT@foot=\box55
\LT@lastfoot=\box56
\LT@gbox=\box57
\LT@cols=\count275
\LT@rows=\count276
\c@LT@tables=\count277
\c@LT@chunks=\count278
\LT@p@ftn=\toks26
) (/home/lukas/.TinyTeX/texmf-dist/tex/latex/booktabs/booktabs.sty
Package: booktabs 2020/01/12 v1.61803398 Publication quality tables
\heavyrulewidth=\dimen159
\lightrulewidth=\dimen160
\cmidrulewidth=\dimen161
\belowrulesep=\dimen162
\belowbottomsep=\dimen163
\aboverulesep=\dimen164
\abovetopsep=\dimen165
\cmidrulesep=\dimen166
\cmidrulekern=\dimen167
\defaultaddspace=\dimen168
\@cmidla=\count279
\@cmidlb=\count280
\@aboverulesep=\dimen169
\@belowrulesep=\dimen170
\@thisruleclass=\count281
\@lastruleclass=\count282
\@thisrulewidth=\dimen171
) (/home/lukas/.TinyTeX/texmf-dist/tex/latex/tools/array.sty
Package: array 2022/09/04 v2.5g Tabular extension package (FMi)
\col@sep=\dimen172
\ar@mcellbox=\box58
\extrarowheight=\dimen173
\NC@list=\toks27
\extratabsurround=\skip57
\backup@length=\skip58
\ar@cellbox=\box59
) (/home/lukas/.TinyTeX/texmf-dist/tex/latex/tools/calc.sty
Package: calc 2017/05/25 v4.3 Infix arithmetic (KKT,FJ)
\calc@Acount=\count283
\calc@Bcount=\count284
\calc@Adimen=\dimen174
\calc@Bdimen=\dimen175
\calc@Askip=\skip59
\calc@Bskip=\skip60
LaTeX Info: Redefining \setlength on input line 80.
LaTeX Info: Redefining \addtolength on input line 81.
\calc@Ccount=\count285
\calc@Cskip=\skip61
) (/home/lukas/.TinyTeX/texmf-dist/tex/latex/etoolbox/etoolbox.sty
Package: etoolbox 2020/10/05 v2.5k e-TeX tools for LaTeX (JAW)
\etb@tempcnta=\count286
) (/home/lukas/.TinyTeX/texmf-dist/tex/latex/mdwtools/footnote.sty
Package: footnote 1997/01/28 1.13 Save footnotes around boxes
\fn@notes=\box60
\fn@width=\dimen176
) (/home/lukas/.TinyTeX/texmf-dist/tex/latex/graphics/graphicx.sty
Package: graphicx 2021/09/16 v1.2d Enhanced LaTeX Graphics (DPC,SPQR)
(/home/lukas/.TinyTeX/texmf-dist/tex/latex/graphics/graphics.sty
Package: graphics 2022/03/10 v1.4e Standard LaTeX Graphics (DPC,SPQR)
(/home/lukas/.TinyTeX/texmf-dist/tex/latex/graphics/trig.sty
Package: trig 2021/08/11 v1.11 sin cos tan (DPC)
) (/home/lukas/.TinyTeX/texmf-dist/tex/latex/graphics-cfg/graphics.cfg
File: graphics.cfg 2016/06/04 v1.11 sample graphics configuration
)
Package graphics Info: Driver file: pdftex.def on input line 107.
)
\Gin@req@height=\dimen177
\Gin@req@width=\dimen178
) (/home/lukas/.TinyTeX/texmf-dist/tex/latex/float/float.sty
Package: float 2001/11/08 v1.3d Float enhancements (AL)
\c@float@type=\count287
\float@exts=\toks28
\float@box=\box61
\@float@everytoks=\toks29
\@floatcapt=\box62
) (/home/lukas/.TinyTeX/texmf-dist/tex/latex/sectsty/sectsty.sty
Package: sectsty 2002/02/25 v2.0.2 Commands to change all sectional heading styles

LaTeX Warning: Command \underbar  has changed.
               Check if current package is valid.


LaTeX Warning: Command \underline  has changed.
               Check if current package is valid.

) (/home/lukas/.TinyTeX/texmf-dist/tex/latex/paralist/paralist.sty
Package: paralist 2017/01/22 v2.7 Extended list environments
\pltopsep=\skip62
\plpartopsep=\skip63
\plitemsep=\skip64
\plparsep=\skip65
\pl@lab=\toks30
) (/home/lukas/.TinyTeX/texmf-dist/tex/latex/setspace/setspace.sty
Package: setspace 2022/12/04 v6.7b set line spacing
) (/home/lukas/.TinyTeX/texmf-dist/tex/latex/fancyhdr/fancyhdr.sty
Package: fancyhdr 2022/11/09 v4.1 Extensive control of page headers and footers
\f@nch@headwidth=\skip66
\f@nch@O@elh=\skip67
\f@nch@O@erh=\skip68
\f@nch@O@olh=\skip69
\f@nch@O@orh=\skip70
\f@nch@O@elf=\skip71
\f@nch@O@erf=\skip72
\f@nch@O@olf=\skip73
\f@nch@O@orf=\skip74
) (/home/lukas/.TinyTeX/texmf-dist/tex/latex/lastpage/lastpage.sty
Package: lastpage 2023/07/24 v2.0c lastpage: 2.09 or 2e? (HMM)
(/home/lukas/.TinyTeX/texmf-dist/tex/latex/lastpage/lastpage2e.sty
Package: lastpage2e 2023/07/24 v2.0c Decide which 2e lastpage version to use (HMM)
(/home/lukas/.TinyTeX/texmf-dist/tex/latex/lastpage/lastpagemodern.sty
Package: lastpagemodern 2023-07-24 v2.0c Refers to last page's name (HMM; JPG)
) 
)) (/home/lukas/.TinyTeX/texmf-dist/tex/latex/tools/dcolumn.sty
Package: dcolumn 2014/10/28 v1.06 decimal alignment package (DPC)
) (/home/lukas/.TinyTeX/texmf-dist/tex/latex/natbib/natbib.sty
Package: natbib 2010/09/13 8.31b (PWD, AO)
\bibhang=\skip75
\bibsep=\skip76
LaTeX Info: Redefining \cite on input line 694.
\c@NAT@ctr=\count288
) (/home/lukas/.TinyTeX/texmf-dist/tex/latex/tocbibind/tocbibind.sty
Package: tocbibind 2010/10/13 v1.5k extra ToC listings
Package tocbibind Info: The document has section divisions on input line 50.

Package tocbibind Note: Using section or other style headings.

) (/home/lukas/.TinyTeX/texmf-dist/tex/latex/hyperref/hyperref.sty
Package: hyperref 2023-07-08 v7.01b Hypertext links for LaTeX
(/home/lukas/.TinyTeX/texmf-dist/tex/generic/ltxcmds/ltxcmds.sty
Package: ltxcmds 2020-05-10 v1.25 LaTeX kernel commands for general use (HO)
) (/home/lukas/.TinyTeX/texmf-dist/tex/generic/pdftexcmds/pdftexcmds.sty
Package: pdftexcmds 2020-06-27 v0.33 Utility functions of pdfTeX for LuaTeX (HO)
(/home/lukas/.TinyTeX/texmf-dist/tex/generic/infwarerr/infwarerr.sty
Package: infwarerr 2019/12/03 v1.5 Providing info/warning/error messages (HO)
)
Package pdftexcmds Info: \pdf@primitive is available.
Package pdftexcmds Info: \pdf@ifprimitive is available.
Package pdftexcmds Info: \pdfdraftmode found.
) (/home/lukas/.TinyTeX/texmf-dist/tex/latex/kvsetkeys/kvsetkeys.sty
Package: kvsetkeys 2022-10-05 v1.19 Key value parser (HO)
) (/home/lukas/.TinyTeX/texmf-dist/tex/generic/kvdefinekeys/kvdefinekeys.sty
Package: kvdefinekeys 2019-12-19 v1.6 Define keys (HO)
) (/home/lukas/.TinyTeX/texmf-dist/tex/generic/pdfescape/pdfescape.sty
Package: pdfescape 2019/12/09 v1.15 Implements pdfTeX's escape features (HO)
) (/home/lukas/.TinyTeX/texmf-dist/tex/latex/hycolor/hycolor.sty
Package: hycolor 2020-01-27 v1.10 Color options for hyperref/bookmark (HO)
) (/home/lukas/.TinyTeX/texmf-dist/tex/latex/letltxmacro/letltxmacro.sty
Package: letltxmacro 2019/12/03 v1.6 Let assignment for LaTeX macros (HO)
) (/home/lukas/.TinyTeX/texmf-dist/tex/latex/auxhook/auxhook.sty
Package: auxhook 2019-12-17 v1.6 Hooks for auxiliary files (HO)
) (/home/lukas/.TinyTeX/texmf-dist/tex/latex/hyperref/nameref.sty
Package: nameref 2023-08-07 v2.53 Cross-referencing by name of section
(/home/lukas/.TinyTeX/texmf-dist/tex/latex/refcount/refcount.sty
Package: refcount 2019/12/15 v3.6 Data extraction from label references (HO)
) (/home/lukas/.TinyTeX/texmf-dist/tex/generic/gettitlestring/gettitlestring.sty
Package: gettitlestring 2019/12/15 v1.6 Cleanup title references (HO)
(/home/lukas/.TinyTeX/texmf-dist/tex/latex/kvoptions/kvoptions.sty
Package: kvoptions 2022-06-15 v3.15 Key value format for package options (HO)
))
\c@section@level=\count289
)
\@linkdim=\dimen179
\Hy@linkcounter=\count290
\Hy@pagecounter=\count291
(/home/lukas/.TinyTeX/texmf-dist/tex/latex/hyperref/pd1enc.def
File: pd1enc.def 2023-07-08 v7.01b Hyperref: PDFDocEncoding definition (HO)
Now handling font encoding PD1 ...
... no UTF-8 mapping file for font encoding PD1
) (/home/lukas/.TinyTeX/texmf-dist/tex/generic/intcalc/intcalc.sty
Package: intcalc 2019/12/15 v1.3 Expandable calculations with integers (HO)
)
\Hy@SavedSpaceFactor=\count292
(/home/lukas/.TinyTeX/texmf-dist/tex/latex/hyperref/puenc.def
File: puenc.def 2023-07-08 v7.01b Hyperref: PDF Unicode definition (HO)
Now handling font encoding PU ...
... no UTF-8 mapping file for font encoding PU
)
Package hyperref Info: Option `unicode' set `true' on input line 4050.
Package hyperref Info: Hyper figures OFF on input line 4167.
Package hyperref Info: Link nesting OFF on input line 4172.
Package hyperref Info: Hyper index ON on input line 4175.
Package hyperref Info: Plain pages OFF on input line 4182.
Package hyperref Info: Backreferencing OFF on input line 4187.
Package hyperref Info: Implicit mode ON; LaTeX internals redefined.
Package hyperref Info: Bookmarks ON on input line 4434.
\c@Hy@tempcnt=\count293
(/home/lukas/.TinyTeX/texmf-dist/tex/latex/url/url.sty
\Urlmuskip=\muskip17
Package: url 2013/09/16  ver 3.4  Verb mode for urls, etc.
)
LaTeX Info: Redefining \url on input line 4772.
\XeTeXLinkMargin=\dimen180
(/home/lukas/.TinyTeX/texmf-dist/tex/generic/bitset/bitset.sty
Package: bitset 2019/12/09 v1.3 Handle bit-vector datatype (HO)
(/home/lukas/.TinyTeX/texmf-dist/tex/generic/bigintcalc/bigintcalc.sty
Package: bigintcalc 2019/12/15 v1.5 Expandable calculations on big integers (HO)
))
\Fld@menulength=\count294
\Field@Width=\dimen181
\Fld@charsize=\dimen182
Package hyperref Info: Hyper figures OFF on input line 6051.
Package hyperref Info: Link nesting OFF on input line 6056.
Package hyperref Info: Hyper index ON on input line 6059.
Package hyperref Info: backreferencing OFF on input line 6066.
Package hyperref Info: Link coloring OFF on input line 6071.
Package hyperref Info: Link coloring with OCG OFF on input line 6076.
Package hyperref Info: PDF/A mode OFF on input line 6081.
(/home/lukas/.TinyTeX/texmf-dist/tex/latex/base/atbegshi-ltx.sty
Package: atbegshi-ltx 2021/01/10 v1.0c Emulation of the original atbegshi
package with kernel methods
)
\Hy@abspage=\count295
\c@Item=\count296
\c@Hfootnote=\count297
)
Package hyperref Info: Driver (autodetected): hpdftex.
(/home/lukas/.TinyTeX/texmf-dist/tex/latex/hyperref/hpdftex.def
File: hpdftex.def 2023-07-08 v7.01b Hyperref driver for pdfTeX
(/home/lukas/.TinyTeX/texmf-dist/tex/latex/base/atveryend-ltx.sty
Package: atveryend-ltx 2020/08/19 v1.0a Emulation of the original atveryend package
with kernel methods
)
\Fld@listcount=\count298
\c@bookmark@seq@number=\count299
(/home/lukas/.TinyTeX/texmf-dist/tex/latex/rerunfilecheck/rerunfilecheck.sty
Package: rerunfilecheck 2022-07-10 v1.10 Rerun checks for auxiliary files (HO)
(/home/lukas/.TinyTeX/texmf-dist/tex/generic/uniquecounter/uniquecounter.sty
Package: uniquecounter 2019/12/15 v1.4 Provide unlimited unique counter (HO)
)
Package uniquecounter Info: New unique counter `rerunfilecheck' on input line 285.
)
\Hy@SectionHShift=\skip77
)
LaTeX Font Info:    Trying to load font information for T1+lmr on input line 93.
(/home/lukas/.TinyTeX/texmf-dist/tex/latex/lm/t1lmr.fd
File: t1lmr.fd 2015/05/01 v1.6.1 Font defs for Latin Modern
) (/home/lukas/.TinyTeX/texmf-dist/tex/latex/l3backend/l3backend-pdftex.def
File: l3backend-pdftex.def 2023-04-19 L3 backend support: PDF output (pdfTeX)
\l__color_backend_stack_int=\count300
\l__pdf_internal_box=\box63
) (./Thesis.aux)
\openout1 = `Thesis.aux'.

LaTeX Font Info:    Checking defaults for OML/cmm/m/it on input line 93.
LaTeX Font Info:    ... okay on input line 93.
LaTeX Font Info:    Checking defaults for OMS/cmsy/m/n on input line 93.
LaTeX Font Info:    ... okay on input line 93.
LaTeX Font Info:    Checking defaults for OT1/cmr/m/n on input line 93.
LaTeX Font Info:    ... okay on input line 93.
LaTeX Font Info:    Checking defaults for T1/cmr/m/n on input line 93.
LaTeX Font Info:    ... okay on input line 93.
LaTeX Font Info:    Checking defaults for TS1/cmr/m/n on input line 93.
LaTeX Font Info:    ... okay on input line 93.
LaTeX Font Info:    Checking defaults for OMX/cmex/m/n on input line 93.
LaTeX Font Info:    ... okay on input line 93.
LaTeX Font Info:    Checking defaults for U/cmr/m/n on input line 93.
LaTeX Font Info:    ... okay on input line 93.
LaTeX Font Info:    Checking defaults for PD1/pdf/m/n on input line 93.
LaTeX Font Info:    ... okay on input line 93.
LaTeX Font Info:    Checking defaults for PU/pdf/m/n on input line 93.
LaTeX Font Info:    ... okay on input line 93.
(/home/lukas/.TinyTeX/texmf-dist/tex/latex/epstopdf-pkg/epstopdf-base.sty
Package: epstopdf-base 2020-01-24 v2.11 Base part for package epstopdf
Package epstopdf-base Info: Redefining graphics rule for `.eps' on input line 485.
(/home/lukas/.TinyTeX/texmf-dist/tex/latex/latexconfig/epstopdf-sys.cfg
File: epstopdf-sys.cfg 2010/07/13 v1.3 Configuration of (r)epstopdf for TeX Live
))
*geometry* driver: auto-detecting
*geometry* detected driver: pdftex
*geometry* verbose mode - [ preamble ] result:
* driver: pdftex
* paper: <default>
* layout: <same size as paper>
* layoutoffset:(h,v)=(0.0pt,0.0pt)
* modes: 
* h-part:(L,W,R)=(71.13188pt, 486.25761pt, 56.9055pt)
* v-part:(T,H,B)=(56.9055pt, 681.15898pt, 56.9055pt)
* \paperwidth=614.295pt
* \paperheight=794.96999pt
* \textwidth=486.25761pt
* \textheight=681.15898pt
* \oddsidemargin=-1.1381pt
* \evensidemargin=-1.1381pt
* \topmargin=-52.36449pt
* \headheight=12.0pt
* \headsep=25.0pt
* \topskip=11.0pt
* \footskip=30.0pt
* \marginparwidth=59.0pt
* \marginparsep=10.0pt
* \columnsep=10.0pt
* \skip\footins=10.0pt plus 4.0pt minus 2.0pt
* \hoffset=0.0pt
* \voffset=0.0pt
* \mag=1000
* \@twocolumnfalse
* \@twosidefalse
* \@mparswitchfalse
* \@reversemarginfalse
* (1in=72.27pt=25.4mm, 1cm=28.453pt)

Package hyperref Info: Link coloring OFF on input line 93.
(./Thesis.out) (./Thesis.out)
\@outlinefile=\write3
\openout3 = `Thesis.out'.

<FHCW_logo.png, id=257, 261.97874pt x 193.72375pt>
File: FHCW_logo.png Graphic file (type png)
<use FHCW_logo.png>
Package pdftex.def Info: FHCW_logo.png  used on input line 105.
(pdftex.def)             Requested size: 97.25041pt x 71.91313pt.
<KI_logo.png, id=258, 199.74625pt x 253.94875pt>
File: KI_logo.png Graphic file (type png)
<use KI_logo.png>
Package pdftex.def Info: KI_logo.png  used on input line 106.
(pdftex.def)             Requested size: 97.2517pt x 123.6416pt.
[1

{/home/lukas/.TinyTeX/texmf-var/fonts/map/pdftex/updmap/pdftex.map}{/home/lukas/.TinyTeX/texmf-dist/fonts/enc/dvips/lm/lm-ec.enc} <./FHCW_logo.png> <./KI_logo.png>]
LaTeX Font Info:    Trying to load font information for OT1+lmr on input line 162.
(/home/lukas/.TinyTeX/texmf-dist/tex/latex/lm/ot1lmr.fd
File: ot1lmr.fd 2015/05/01 v1.6.1 Font defs for Latin Modern
)
LaTeX Font Info:    Trying to load font information for OML+lmm on input line 162.
(/home/lukas/.TinyTeX/texmf-dist/tex/latex/lm/omllmm.fd
File: omllmm.fd 2015/05/01 v1.6.1 Font defs for Latin Modern
)
LaTeX Font Info:    Trying to load font information for OMS+lmsy on input line 162.
(/home/lukas/.TinyTeX/texmf-dist/tex/latex/lm/omslmsy.fd
File: omslmsy.fd 2015/05/01 v1.6.1 Font defs for Latin Modern
)
LaTeX Font Info:    Trying to load font information for OMX+lmex on input line 162.
(/home/lukas/.TinyTeX/texmf-dist/tex/latex/lm/omxlmex.fd
File: omxlmex.fd 2015/05/01 v1.6.1 Font defs for Latin Modern
)
LaTeX Font Info:    External font `lmex10' loaded for size
(Font)              <10.95> on input line 162.
LaTeX Font Info:    External font `lmex10' loaded for size
(Font)              <8> on input line 162.
LaTeX Font Info:    External font `lmex10' loaded for size
(Font)              <6> on input line 162.
LaTeX Font Info:    Trying to load font information for U+msa on input line 162.
(/home/lukas/.TinyTeX/texmf-dist/tex/latex/amsfonts/umsa.fd
File: umsa.fd 2013/01/14 v3.01 AMS symbols A
)
LaTeX Font Info:    Trying to load font information for U+msb on input line 162.
(/home/lukas/.TinyTeX/texmf-dist/tex/latex/amsfonts/umsb.fd
File: umsb.fd 2013/01/14 v3.01 AMS symbols B
) [1] (./Thesis.toc [2] [3])
\tf@toc=\write4
\openout4 = `Thesis.toc'.

[4] [1] [2] [3] [4] [5] [6] [7] [8] [9] [10] [11]
LaTeX Font Info:    Trying to load font information for TS1+lmr on input line 314.
(/home/lukas/.TinyTeX/texmf-dist/tex/latex/lm/ts1lmr.fd
File: ts1lmr.fd 2015/05/01 v1.6.1 Font defs for Latin Modern
) [12{/home/lukas/.TinyTeX/texmf-dist/fonts/enc/dvips/lm/lm-mathit.enc}{/home/lukas/.TinyTeX/texmf-dist/fonts/enc/dvips/lm/lm-ts1.enc}] [13] [14]
<Thesis_files/figure-latex/data-processing-pipeline-flowchart-vertical-1.pdf, id=590, 1228.59pt x 1951.29pt>
File: Thesis_files/figure-latex/data-processing-pipeline-flowchart-vertical-1.pdf Graphic file (type pdf)
<use Thesis_files/figure-latex/data-processing-pipeline-flowchart-vertical-1.pdf>
Package pdftex.def Info: Thesis_files/figure-latex/data-processing-pipeline-flowchart-vertical-1.pdf  used on input line 396.
(pdftex.def)             Requested size: 389.0138pt x 617.84546pt.
[15] [16 <./Thesis_files/figure-latex/data-processing-pipeline-flowchart-vertical-1.pdf>] [17] [18{/home/lukas/.TinyTeX/texmf-dist/fonts/enc/dvips/lm/lm-mathsy.enc}{/home/lukas/.TinyTeX/texmf-dist/fonts/enc/dvips/lm/lm-rm.enc}] [19] [20] [21] [22{/home/lukas/.TinyTeX/texmf-dist/fonts/enc/dvips/lm/lm-mathex.enc}] [23] [24] [25] [26] [27] [28] [29] [30] [31] [32]
<screenshots/overview.png, id=808, 1831.84375pt x 981.6675pt>
File: screenshots/overview.png Graphic file (type png)
<use screenshots/overview.png>
Package pdftex.def Info: screenshots/overview.png  used on input line 689.
(pdftex.def)             Requested size: 486.24689pt x 260.57504pt.
[33 <./screenshots/overview.png>]
<screenshots/numbers_default.png, id=822, 1831.84375pt x 981.6675pt>
File: screenshots/numbers_default.png Graphic file (type png)
<use screenshots/numbers_default.png>
Package pdftex.def Info: screenshots/numbers_default.png  used on input line 703.
(pdftex.def)             Requested size: 486.24689pt x 260.57504pt.
[34 <./screenshots/numbers_default.png>]
<screenshots/mutual_info_default.png, id=830, 1831.84375pt x 981.6675pt>
File: screenshots/mutual_info_default.png Graphic file (type png)
<use screenshots/mutual_info_default.png>
Package pdftex.def Info: screenshots/mutual_info_default.png  used on input line 716.
(pdftex.def)             Requested size: 486.24689pt x 260.57504pt.
[35 <./screenshots/mutual_info_default.png>]
<screenshots/constand_norm_dependency.png, id=838, 1827.82875pt x 997.7275pt>
File: screenshots/constand_norm_dependency.png Graphic file (type png)
<use screenshots/constand_norm_dependency.png>
Package pdftex.def Info: screenshots/constand_norm_dependency.png  used on input line 734.
(pdftex.def)             Requested size: 486.24097pt x 265.41653pt.
[36 <./screenshots/constand_norm_dependency.png>]
<screenshots/mutual_info_quant_norm.png, id=848, 1834.855pt x 997.7275pt>
File: screenshots/mutual_info_quant_norm.png Graphic file (type png)
<use screenshots/mutual_info_quant_norm.png>
Package pdftex.def Info: screenshots/mutual_info_quant_norm.png  used on input line 748.
(pdftex.def)             Requested size: 486.23427pt x 264.39651pt.
[37 <./screenshots/mutual_info_quant_norm.png>]
<screenshots/RI_channel_default.png, id=857, 1831.84375pt x 981.6675pt>
File: screenshots/RI_channel_default.png Graphic file (type png)
<use screenshots/RI_channel_default.png>
Package pdftex.def Info: screenshots/RI_channel_default.png  used on input line 764.
(pdftex.def)             Requested size: 486.24689pt x 260.57504pt.
[38 <./screenshots/RI_channel_default.png>]
<screenshots/RI_file_default.png, id=866, 1831.84375pt x 981.6675pt>
File: screenshots/RI_file_default.png Graphic file (type png)
<use screenshots/RI_file_default.png>
Package pdftex.def Info: screenshots/RI_file_default.png  used on input line 777.
(pdftex.def)             Requested size: 486.24689pt x 260.57504pt.
[39 <./screenshots/RI_file_default.png>]
<screenshots/RI_st_default.png, id=876, 1831.84375pt x 981.6675pt>
File: screenshots/RI_st_default.png Graphic file (type png)
<use screenshots/RI_st_default.png>
Package pdftex.def Info: screenshots/RI_st_default.png  used on input line 793.
(pdftex.def)             Requested size: 486.24689pt x 260.57504pt.
[40 <./screenshots/RI_st_default.png>]
<screenshots/cv_st_default.png, id=884, 1830.84pt x 971.63pt>
File: screenshots/cv_st_default.png Graphic file (type png)
<use screenshots/cv_st_default.png>
Package pdftex.def Info: screenshots/cv_st_default.png  used on input line 807.
(pdftex.def)             Requested size: 486.25981pt x 258.05893pt.
[41 <./screenshots/cv_st_default.png>]
<screenshots/cv_rawfile_default.png, id=896, 1831.84375pt x 981.6675pt>
File: screenshots/cv_rawfile_default.png Graphic file (type png)
<use screenshots/cv_rawfile_default.png>
Package pdftex.def Info: screenshots/cv_rawfile_default.png  used on input line 823.
(pdftex.def)             Requested size: 486.24689pt x 260.57504pt.
[42 <./screenshots/cv_rawfile_default.png>]
<screenshots/cv_rawfile_nobs2.png, id=904, 1831.84375pt x 985.6825pt>
File: screenshots/cv_rawfile_nobs2.png Graphic file (type png)
<use screenshots/cv_rawfile_nobs2.png>
Package pdftex.def Info: screenshots/cv_rawfile_nobs2.png  used on input line 837.
(pdftex.def)             Requested size: 486.24689pt x 261.64078pt.
[43 <./screenshots/cv_rawfile_nobs2.png>]
<screenshots/cv_rawfile_nobs10.png, id=912, 1834.855pt x 997.7275pt>
File: screenshots/cv_rawfile_nobs10.png Graphic file (type png)
<use screenshots/cv_rawfile_nobs10.png>
Package pdftex.def Info: screenshots/cv_rawfile_nobs10.png  used on input line 851.
(pdftex.def)             Requested size: 486.23427pt x 264.39651pt.
[44 <./screenshots/cv_rawfile_nobs10.png>]
<screenshots/heatmap.png, id=921, 1829.83624pt x 981.6675pt>
File: screenshots/heatmap.png Graphic file (type png)
<use screenshots/heatmap.png>
Package pdftex.def Info: screenshots/heatmap.png  used on input line 871.
(pdftex.def)             Requested size: 486.2445pt x 260.85963pt.
[45 <./screenshots/heatmap.png>]
<screenshots/dim_red_default.png, id=930, 1834.855pt x 997.7275pt>
File: screenshots/dim_red_default.png Graphic file (type png)
<use screenshots/dim_red_default.png>
Package pdftex.def Info: screenshots/dim_red_default.png  used on input line 883.
(pdftex.def)             Requested size: 486.23427pt x 264.39651pt.
[46 <./screenshots/dim_red_default.png>]
<screenshots/dim_red_changed_k.png, id=938, 1831.84375pt x 997.7275pt>
File: screenshots/dim_red_changed_k.png Graphic file (type png)
<use screenshots/dim_red_changed_k.png>
Package pdftex.def Info: screenshots/dim_red_changed_k.png  used on input line 895.
(pdftex.def)             Requested size: 486.24689pt x 264.83803pt.
[47 <./screenshots/dim_red_changed_k.png>]
<screenshots/dim_red_3d.png, id=946, 1831.84375pt x 997.7275pt>
File: screenshots/dim_red_3d.png Graphic file (type png)
<use screenshots/dim_red_3d.png>
Package pdftex.def Info: screenshots/dim_red_3d.png  used on input line 907.
(pdftex.def)             Requested size: 486.24689pt x 264.83803pt.
[48 <./screenshots/dim_red_3d.png>]
<screenshots/dim_red_batchC.png, id=954, 1831.84375pt x 997.7275pt>
File: screenshots/dim_red_batchC.png Graphic file (type png)
<use screenshots/dim_red_batchC.png>
Package pdftex.def Info: screenshots/dim_red_batchC.png  used on input line 919.
(pdftex.def)             Requested size: 486.24689pt x 264.83803pt.
<screenshots/dim_red_batchC_3d.png, id=955, 1831.84375pt x 997.7275pt>
File: screenshots/dim_red_batchC_3d.png Graphic file (type png)
<use screenshots/dim_red_batchC_3d.png>
Package pdftex.def Info: screenshots/dim_red_batchC_3d.png  used on input line 928.
(pdftex.def)             Requested size: 486.24689pt x 264.83803pt.
[49 <./screenshots/dim_red_batchC.png> <./screenshots/dim_red_batchC_3d.png>] [50]
<screenshots/feature.png, id=974, 1832.8475pt x 1002.74625pt>
File: screenshots/feature.png Graphic file (type png)
<use screenshots/feature.png>
Package pdftex.def Info: screenshots/feature.png  used on input line 940.
(pdftex.def)             Requested size: 486.26163pt x 266.0325pt.
[51 <./screenshots/feature.png>]
<screenshots/stat_dependency.png, id=982, 1835.85875pt x 980.66376pt>
File: screenshots/stat_dependency.png Graphic file (type png)
<use screenshots/stat_dependency.png>
Package pdftex.def Info: screenshots/stat_dependency.png  used on input line 958.
(pdftex.def)             Requested size: 486.24814pt x 259.73997pt.
[52 <./screenshots/stat_dependency.png>]
<screenshots/stat_HC_HIV_noMets.png, id=991, 990.70125pt x 1763.58875pt>
File: screenshots/stat_HC_HIV_noMets.png Graphic file (type png)
<use screenshots/stat_HC_HIV_noMets.png>
Package pdftex.def Info: screenshots/stat_HC_HIV_noMets.png  used on input line 972.
(pdftex.def)             Requested size: 340.37132pt x 605.90923pt.
[53 <./screenshots/stat_HC_HIV_noMets.png>] [54]
<screenshots/path_enrich_nw.png, id=1003, 1831.84375pt x 995.72pt>
File: screenshots/path_enrich_nw.png Graphic file (type png)
<use screenshots/path_enrich_nw.png>
Package pdftex.def Info: screenshots/path_enrich_nw.png  used on input line 991.
(pdftex.def)             Requested size: 437.61101pt x 237.86856pt.
[55 <./screenshots/path_enrich_nw.png>]
<screenshots/path_enrich_bar.png, id=1013, 1834.855pt x 1002.74625pt>
File: screenshots/path_enrich_bar.png Graphic file (type png)
<use screenshots/path_enrich_bar.png>
Package pdftex.def Info: screenshots/path_enrich_bar.png  used on input line 1005.
(pdftex.def)             Requested size: 437.63043pt x 239.16455pt.
[56 <./screenshots/path_enrich_bar.png>]
<screenshots/go_enrich_dot.png, id=1022, 1830.84pt x 1002.74625pt>
File: screenshots/go_enrich_dot.png Graphic file (type png)
<use screenshots/go_enrich_dot.png>
Package pdftex.def Info: screenshots/go_enrich_dot.png  used on input line 1017.
(pdftex.def)             Requested size: 437.62265pt x 239.68477pt.
[57 <./screenshots/go_enrich_dot.png>] [58] [59] [60] [61]
<Thesis_files/figure-latex/missingness-1.pdf, id=1070, 469.755pt x 325.215pt>
File: Thesis_files/figure-latex/missingness-1.pdf Graphic file (type pdf)
<use Thesis_files/figure-latex/missingness-1.pdf>
Package pdftex.def Info: Thesis_files/figure-latex/missingness-1.pdf  used on input line 1087.
(pdftex.def)             Requested size: 437.62744pt x 302.97282pt.
[62 <./Thesis_files/figure-latex/missingness-1.pdf>]
<Thesis_files/figure-latex/cluster-analysis-dendrogram-1.pdf, id=1086, 469.755pt x 325.215pt>
File: Thesis_files/figure-latex/cluster-analysis-dendrogram-1.pdf Graphic file (type pdf)
<use Thesis_files/figure-latex/cluster-analysis-dendrogram-1.pdf>
Package pdftex.def Info: Thesis_files/figure-latex/cluster-analysis-dendrogram-1.pdf  used on input line 1111.
(pdftex.def)             Requested size: 469.78969pt x 325.23901pt.
[63 <./Thesis_files/figure-latex/cluster-analysis-dendrogram-1.pdf>]
<Thesis_files/figure-latex/cluster-analysis-gap-stat-1.pdf, id=1103, 469.755pt x 325.215pt>
File: Thesis_files/figure-latex/cluster-analysis-gap-stat-1.pdf Graphic file (type pdf)
<use Thesis_files/figure-latex/cluster-analysis-gap-stat-1.pdf>
Package pdftex.def Info: Thesis_files/figure-latex/cluster-analysis-gap-stat-1.pdf  used on input line 1124.
(pdftex.def)             Requested size: 437.62744pt x 302.97282pt.
[64 <./Thesis_files/figure-latex/cluster-analysis-gap-stat-1.pdf>]
<Thesis_files/figure-latex/cluster-analysis-silh-1.pdf, id=1116, 469.755pt x 325.215pt>
File: Thesis_files/figure-latex/cluster-analysis-silh-1.pdf Graphic file (type pdf)
<use Thesis_files/figure-latex/cluster-analysis-silh-1.pdf>
Package pdftex.def Info: Thesis_files/figure-latex/cluster-analysis-silh-1.pdf  used on input line 1136.
(pdftex.def)             Requested size: 437.62744pt x 302.97282pt.
<Thesis_files/figure-latex/cluster-analysis-dim-red-1.pdf, id=1118, 469.755pt x 325.215pt>
File: Thesis_files/figure-latex/cluster-analysis-dim-red-1.pdf Graphic file (type pdf)
<use Thesis_files/figure-latex/cluster-analysis-dim-red-1.pdf>
Package pdftex.def Info: Thesis_files/figure-latex/cluster-analysis-dim-red-1.pdf  used on input line 1148.
(pdftex.def)             Requested size: 437.62744pt x 302.97282pt.
[65 <./Thesis_files/figure-latex/cluster-analysis-silh-1.pdf>] [66 <./Thesis_files/figure-latex/cluster-analysis-dim-red-1.pdf>] [67] [68] [69] (./Thesis.bbl [70] [71] [72] [73] [74]) [75]
LaTeX Font Info:    Trying to load font information for T1+lmtt on input line 1196.
(/home/lukas/.TinyTeX/texmf-dist/tex/latex/lm/t1lmtt.fd
File: t1lmtt.fd 2015/05/01 v1.6.1 Font defs for Latin Modern
)
Overfull \hbox (94.36447pt too wide) in paragraph at lines 1327--1327
[]\T1/lmtt/m/n/10.95 ## LAPACK: /usr/lib/x86_64-linux-gnu/openblas-pthread/libopenblasp-r0.3.21.so;  LAPACK version 3.11.0[] 
 []

[76] [77] [78] [79] [80] (./Thesis.lof [81])
\tf@lof=\write5
\openout5 = `Thesis.lof'.

[82] 
enddocument/afterlastpage: lastpage setting LastPage.
(./Thesis.aux)
 ***********
LaTeX2e <2023-06-01> patch level 1
L3 programming layer <2023-08-11>
 ***********
Package rerunfilecheck Info: File `Thesis.out' has not changed.
(rerunfilecheck)             Checksum: 173442A4159CA9091F8C0B0528A45848;11379.
 )
(\end occurred inside a group at level 2)

### semi simple group (level 2) entered at line 154 (\begingroup)
### semi simple group (level 1) entered at line 74 (\begingroup)
### bottom level 
Here is how much of TeX's memory you used:
 13223 strings out of 477149
 210602 string characters out of 5813031
 1929254 words of memory out of 5000000
 33679 multiletter control sequences out of 15000+600000
 594320 words of font info for 63 fonts, out of 8000000 for 9000
 14 hyphenation exceptions out of 8191
 75i,9n,79p,1911b,8740s stack positions out of 10000i,1000n,20000p,200000b,200000s
</home/lukas/.TinyTeX/texmf-dist/fonts/type1/public/lm/lmbx10.pfb></home/lukas/.TinyTeX/texmf-dist/fonts/type1/public/lm/lmbx12.pfb></home/lukas/.TinyTeX/texmf-dist/fonts/type1/public/lm/lmex10.pfb></home/lukas/.TinyTeX/texmf-dist/fonts/type1/public/lm/lmmi10.pfb></home/lukas/.TinyTeX/texmf-dist/fonts/type1/public/lm/lmmi6.pfb></home/lukas/.TinyTeX/texmf-dist/fonts/type1/public/lm/lmmi8.pfb></home/lukas/.TinyTeX/texmf-dist/fonts/type1/public/lm/lmr10.pfb></home/lukas/.TinyTeX/texmf-dist/fonts/type1/public/lm/lmr12.pfb></home/lukas/.TinyTeX/texmf-dist/fonts/type1/public/lm/lmr6.pfb></home/lukas/.TinyTeX/texmf-dist/fonts/type1/public/lm/lmr8.pfb></home/lukas/.TinyTeX/texmf-dist/fonts/type1/public/lm/lmri10.pfb></home/lukas/.TinyTeX/texmf-dist/fonts/type1/public/lm/lmsy10.pfb></home/lukas/.TinyTeX/texmf-dist/fonts/type1/public/lm/lmsy6.pfb></home/lukas/.TinyTeX/texmf-dist/fonts/type1/public/lm/lmsy8.pfb></home/lukas/.TinyTeX/texmf-dist/fonts/type1/public/lm/lmtt10.pfb></home/lukas/.TinyTeX/texmf-dist/fonts/type1/public/amsfonts/symbols/msbm10.pfb>
Output written on Thesis.pdf (87 pages, 4984231 bytes).
PDF statistics:
 1429 PDF objects out of 1440 (max. 8388607)
 1229 compressed objects within 13 object streams
 356 named destinations out of 1000 (max. 500000)
 665 words of extra memory for PDF output out of 10000 (max. 10000000)

